<?xml version="1.0" encoding="UTF-8"?>
<testsuite xmlns:xsi="http://www.w3.org/2001/XMLSchema-instance" xsi:noNamespaceSchemaLocation="https://maven.apache.org/surefire/maven-surefire-plugin/xsd/surefire-test-report-3.0.xsd" version="3.0" name="com.example.excel.TaskExcelApplicationTests" time="6.307" tests="1" errors="0" skipped="0" failures="0">
  <properties>
[...]
</properties>
  <testcase name="contextLoads" classname="com.example.excel.TaskExcelApplicationTests" time="1.297">
    <system-out><![CDATA[16:49:36.057 [main] INFO org.springframework.test.context.support.AnnotationConfigContextLoaderUtils -- Could not detect default configuration classes for test class [com.example.excel.TaskExcelApplicationTests]: TaskExcelApplicationTests does not declare any static, non-private, non-final, nested classes annotated with @Configuration.
16:49:36.391 [main] INFO org.springframework.boot.test.context.SpringBootTestContextBootstrapper -- Found @SpringBootConfiguration com.example.excel.TaskExcelApplication for test class com.example.excel.TaskExcelApplicationTests
16:49:36.727 [main] INFO org.springframework.boot.devtools.restart.RestartApplicationListener -- Restart disabled due to context in which it is running

  .   ____          _            __ _ _
 /\\ / ___'_ __ _ _(_)_ __  __ _ \ \ \ \
( ( )\___ | '_ | '_| | '_ \/ _` | \ \ \ \
 \\/  ___)| |_)| | | | | || (_| |  ) ) ) )
  '  |____| .__|_| |_|_| |_\__, | / / / /
 =========|_|==============|___/=/_/_/_/

 :: Spring Boot ::                (v3.3.2)

2024-07-26T16:49:37.285+05:30  INFO 14072 --- [TaskExcel] [           main] c.e.excel.TaskExcelApplicationTests      : Starting TaskExcelApplicationTests using Java 17.0.10 with PID 14072 (started by BSIT-021 in C:\Users\BSIT-021\Documents\workspace-spring-tool-suite-4-4.23.1.RELEASE\TaskExcel)
2024-07-26T16:49:37.287+05:30  INFO 14072 --- [TaskExcel] [           main] c.e.excel.TaskExcelApplicationTests      : No active profile set, falling back to 1 default profile: "default"
2024-07-26T16:49:38.245+05:30  INFO 14072 --- [TaskExcel] [           main] .s.d.r.c.RepositoryConfigurationDelegate : Bootstrapping Spring Data JDBC repositories in DEFAULT mode.
2024-07-26T16:49:38.270+05:30  INFO 14072 --- [TaskExcel] [           main] .s.d.r.c.RepositoryConfigurationDelegate : Finished Spring Data repository scanning in 20 ms. Found 0 JDBC repository interfaces.
2024-07-26T16:49:38.676+05:30  WARN 14072 --- [TaskExcel] [           main] trationDelegate$BeanPostProcessorChecker : Bean 'org.springframework.ws.config.annotation.DelegatingWsConfiguration' of type [org.springframework.ws.config.annotation.DelegatingWsConfiguration$$SpringCGLIB$$0] is not eligible for getting processed by all BeanPostProcessors (for example: not eligible for auto-proxying). The currently created BeanPostProcessor [annotationActionEndpointMapping] is declared through a non-static factory method on that class; consider declaring it as static instead.
2024-07-26T16:49:38.772+05:30  INFO 14072 --- [TaskExcel] [           main] .w.s.a.s.AnnotationActionEndpointMapping : Supporting [WS-Addressing August 2004, WS-Addressing 1.0]
2024-07-26T16:49:39.684+05:30  INFO 14072 --- [TaskExcel] [           main] com.zaxxer.hikari.HikariDataSource       : HikariPool-1 - Starting...
2024-07-26T16:49:40.272+05:30  INFO 14072 --- [TaskExcel] [           main] com.zaxxer.hikari.pool.HikariPool        : HikariPool-1 - Added connection com.mysql.cj.jdbc.ConnectionImpl@164d01ba
2024-07-26T16:49:40.275+05:30  INFO 14072 --- [TaskExcel] [           main] com.zaxxer.hikari.HikariDataSource       : HikariPool-1 - Start completed.
2024-07-26T16:49:40.592+05:30  INFO 14072 --- [TaskExcel] [           main] c.e.excel.TaskExcelApplicationTests      : Started TaskExcelApplicationTests in 3.886 seconds (process running for 5.696)
]]></system-out>
  </testcase>
</testsuite>